<?xml version="1.0" encoding="UTF-8"?>
<testsuite name="SequenceTest" tests="2" skipped="0" failures="0" errors="0" timestamp="2022-02-05T19:53:10" hostname="LAPTOP-GIO7P1P9" time="0.014">
  <properties/>
  <testcase name="jumpTest()" classname="SequenceTest" time="0.013"/>
  <testcase name="moveTest()" classname="SequenceTest" time="0.0"/>
  <system-out><![CDATA[]]></system-out>
  <system-err><![CDATA[]]></system-err>
</testsuite>
